<?xml version="1.0" encoding="UTF-8"?>
<testng-results skipped="0" failed="0" ignored="0" total="1" passed="1">
  <reporter-output>
  </reporter-output>
  <suite name="Default suite" duration-ms="36255" started-at="2018-02-22T12:31:46Z" finished-at="2018-02-22T12:32:22Z">
    <groups>
    </groups>
    <test name="Default test" duration-ms="36255" started-at="2018-02-22T12:31:46Z" finished-at="2018-02-22T12:32:22Z">
      <class name="Demo.TestNG">
        <test-method status="PASS" signature="beforeMethod()[pri:0, instance:Demo.TestNG@1933fd1]" name="beforeMethod" is-config="true" duration-ms="30580" started-at="2018-02-22T18:01:46Z" finished-at="2018-02-22T18:02:16Z">
          <reporter-output>
          </reporter-output>
        </test-method> <!-- beforeMethod -->
        <test-method status="PASS" signature="main()[pri:0, instance:Demo.TestNG@1933fd1]" name="main" duration-ms="4352" started-at="2018-02-22T18:02:16Z" finished-at="2018-02-22T18:02:21Z">
          <reporter-output>
          </reporter-output>
        </test-method> <!-- main -->
        <test-method status="PASS" signature="afterMethod()[pri:0, instance:Demo.TestNG@1933fd1]" name="afterMethod" is-config="true" duration-ms="1255" started-at="2018-02-22T18:02:21Z" finished-at="2018-02-22T18:02:22Z">
          <reporter-output>
          </reporter-output>
        </test-method> <!-- afterMethod -->
      </class> <!-- Demo.TestNG -->
    </test> <!-- Default test -->
  </suite> <!-- Default suite -->
</testng-results>
